[0.007s] Invoking command in '/home/dan/Projects/Mobile-Robots/project2_lidar_mapping/prj2_ws/build/cv_pkg': CMAKE_PREFIX_PATH=${CMAKE_PREFIX_PATH}:/opt/ros/humble /usr/bin/cmake --build /home/dan/Projects/Mobile-Robots/project2_lidar_mapping/prj2_ws/build/cv_pkg -- -j8 -l8
[0.024s] -- Found ament_cmake: 1.3.11 (/opt/ros/humble/share/ament_cmake/cmake)
[0.102s] -- Found rclcpp: 16.0.12 (/opt/ros/humble/share/rclcpp/cmake)
[0.121s] -- Found rosidl_generator_c: 3.1.6 (/opt/ros/humble/share/rosidl_generator_c/cmake)
[0.122s] -- Found rosidl_adapter: 3.1.6 (/opt/ros/humble/share/rosidl_adapter/cmake)
[0.125s] -- Found rosidl_generator_cpp: 3.1.6 (/opt/ros/humble/share/rosidl_generator_cpp/cmake)
[0.131s] -- Using all available rosidl_typesupport_c: rosidl_typesupport_fastrtps_c;rosidl_typesupport_introspection_c
[0.138s] -- Using all available rosidl_typesupport_cpp: rosidl_typesupport_fastrtps_cpp;rosidl_typesupport_introspection_cpp
[0.157s] -- Found rmw_implementation_cmake: 6.1.2 (/opt/ros/humble/share/rmw_implementation_cmake/cmake)
[0.158s] -- Found rmw_fastrtps_cpp: 6.2.7 (/opt/ros/humble/share/rmw_fastrtps_cpp/cmake)
[0.221s] -- Using RMW implementation 'rmw_fastrtps_cpp' as default
[0.250s] -- Found sensor_msgs: 4.8.0 (/opt/ros/humble/share/sensor_msgs/cmake)
[0.266s] -- Found cv_bridge: 3.2.1 (/opt/ros/humble/share/cv_bridge/cmake)
[0.274s] -- Found pcl_conversions: 2.4.5 (/opt/ros/humble/share/pcl_conversions/cmake)
[0.294s] -- Eigen found (include: /usr/include/eigen3, version: 3.4.0)
[0.314s] -- FLANN found (include: /usr/include, lib: /usr/lib/x86_64-linux-gnu/libflann_cpp.so)
[0.509s] -- OpenNI found (version: 1.5.4.0, include: /usr/include/ni, lib: /usr/lib/libOpenNI.so;libusb::libusb)
[0.513s] -- OpenNI2 found (version: 2.2.0.33, include: /usr/include/openni2, lib: /usr/lib/x86_64-linux-gnu/libOpenNI2.so;libusb::libusb)
[0.613s] -- Eigen found (include: /usr/include/eigen3, version: 3.4.0)
[0.617s] -- OpenNI found (version: 1.5.4.0, include: /usr/include/ni, lib: /usr/lib/libOpenNI.so;libusb::libusb)
[0.621s] -- OpenNI2 found (version: 2.2.0.33, include: /usr/include/openni2, lib: /usr/lib/x86_64-linux-gnu/libOpenNI2.so;libusb::libusb)
[0.713s] -- Found Qhull version 8.0.2
[0.810s] -- OpenNI found (version: 1.5.4.0, include: /usr/include/ni, lib: /usr/lib/libOpenNI.so;libusb::libusb)
[0.908s] -- Found pcl_ros: 2.4.5 (/opt/ros/humble/share/pcl_ros/cmake)
[0.918s] -- Found eigen3_cmake_module: 0.1.1 (/opt/ros/humble/share/eigen3_cmake_module/cmake)
[0.919s] -- Ensuring Eigen3 include directory is part of orocos-kdl CMake target
[0.973s] -- Found ament_lint_auto: 0.12.12 (/opt/ros/humble/share/ament_lint_auto/cmake)
[1.016s] -- Added test 'cppcheck' to perform static code analysis on C / C++ code
[1.017s] -- Configured cppcheck include dirs: 
[1.017s] -- Configured cppcheck exclude dirs and/or files: 
[1.017s] -- Added test 'lint_cmake' to check CMake code style
[1.017s] -- Added test 'uncrustify' to check C / C++ code style
[1.017s] -- Configured uncrustify additional arguments: 
[1.018s] -- Added test 'xmllint' to check XML markup files
[1.018s] -- Configuring done
[1.053s] -- Generating done
[1.063s] -- Build files have been written to: /home/dan/Projects/Mobile-Robots/project2_lidar_mapping/prj2_ws/build/cv_pkg
[1.086s] [35m[1mConsolidate compiler generated dependencies of target cv_image_node[0m
[1.086s] [35m[1mConsolidate compiler generated dependencies of target cv_follow_node[0m
[1.086s] [35m[1mConsolidate compiler generated dependencies of target cv_hsv_node[0m
[1.086s] [35m[1mConsolidate compiler generated dependencies of target pc_data_node[0m
[1.093s] [ 10%] [32mBuilding CXX object CMakeFiles/cv_face_detect_node.dir/src/cv_face_detect.cpp.o[0m
[1.097s] [ 30%] Built target cv_image_node
[1.098s] [ 50%] Built target cv_follow_node
[1.099s] [01m[K/home/dan/Projects/Mobile-Robots/project2_lidar_mapping/prj2_ws/src/cv_pkg/src/cv_face_detect.cpp:1:10:[m[K [01;31m[Kfatal error: [m[Krclcpp/rclcpp.hpp: No such file or directory
[1.099s]     1 | #include [01;31m[K<rclcpp/rclcpp.hpp>[m[K
[1.099s]       |          [01;31m[K^~~~~~~~~~~~~~~~~~~[m[K
[1.099s] compilation terminated.
[1.099s] [ 70%] Built target cv_hsv_node
[1.100s] gmake[2]: *** [CMakeFiles/cv_face_detect_node.dir/build.make:76: CMakeFiles/cv_face_detect_node.dir/src/cv_face_detect.cpp.o] Error 1
[1.100s] gmake[1]: *** [CMakeFiles/Makefile2:249: CMakeFiles/cv_face_detect_node.dir/all] Error 2
[1.100s] gmake[1]: *** Waiting for unfinished jobs....
[1.113s] [ 90%] Built target pc_data_node
[1.113s] gmake: *** [Makefile:146: all] Error 2
[1.115s] Invoked command in '/home/dan/Projects/Mobile-Robots/project2_lidar_mapping/prj2_ws/build/cv_pkg' returned '2': CMAKE_PREFIX_PATH=${CMAKE_PREFIX_PATH}:/opt/ros/humble /usr/bin/cmake --build /home/dan/Projects/Mobile-Robots/project2_lidar_mapping/prj2_ws/build/cv_pkg -- -j8 -l8
